<?xml version="1.0" encoding="UTF-8"?>
<!-- Generated by org.testng.reporters.JUnitReportReporter -->
<testsuite hostname="BHgj5doUNuAWTCA" failures="0" tests="2" name="testCases.NewTest" time="6.788" errors="0" timestamp="2022-06-05T15:41:55 IST" skipped="0">
  <testcase classname="testCases.NewTest" name="login" time="4.711"/>
  <system-out/>
  <testcase classname="testCases.NewTest" name="addProduct" time="2.077"/>
  <system-out/>
</testsuite> <!-- testCases.NewTest -->
