<?xml version="1.0" encoding="UTF-8"?>
<!-- Generated by org.testng.reporters.JUnitReportReporter -->
<testsuite hostname="BHgj5doUNuAWTCA" failures="0" tests="4" name="testCases.AddToCart" time="14.475" errors="0" timestamp="2022-06-05T16:44:16 IST" skipped="0">
  <testcase classname="testCases.AddToCart" name="userRegistration" time="1.305"/>
  <system-out/>
  <testcase classname="testCases.AddToCart" name="userLogin" time="4.731"/>
  <system-out/>
  <testcase classname="testCases.AddToCart" name="addtoCart" time="7.899"/>
  <system-out/>
  <testcase classname="testCases.AddToCart" name="userLogout" time="0.540"/>
  <system-out/>
</testsuite> <!-- testCases.AddToCart -->
