<?xml version="1.0" encoding="UTF-8"?>
<!-- Generated by org.testng.reporters.JUnitReportReporter -->
<testsuite hostname="BHgj5doUNuAWTCA" failures="0" tests="3" name="testCases.User" time="7.166" errors="0" timestamp="2022-06-05T16:45:12 IST" skipped="0">
  <testcase classname="testCases.User" name="userRegistration" time="1.240"/>
  <system-out/>
  <testcase classname="testCases.User" name="userLogin" time="4.794"/>
  <system-out/>
  <testcase classname="testCases.User" name="allProduct" time="1.132"/>
  <system-out/>
</testsuite> <!-- testCases.User -->
