<?xml version="1.0" encoding="UTF-8"?>
<!-- Generated by org.testng.reporters.JUnitReportReporter -->
<testsuite hostname="BHgj5doUNuAWTCA" failures="0" tests="2" name="testCases.AddProduct" time="7.353" errors="0" timestamp="2022-06-05T16:43:38 IST" skipped="0">
  <testcase classname="testCases.AddProduct" name="login" time="5.064"/>
  <system-out/>
  <testcase classname="testCases.AddProduct" name="addProduct" time="2.289"/>
  <system-out/>
</testsuite> <!-- testCases.AddProduct -->
