<?xml version="1.0" encoding="UTF-8"?>
<!-- Generated by org.testng.reporters.JUnitReportReporter -->
<testsuite hostname="BHgj5doUNuAWTCA" failures="0" tests="2" name="testCases.DataDriven" time="31.325" errors="0" timestamp="2022-05-19T14:55:36 IST" skipped="0">
  <testcase classname="testCases.DataDriven" name="f" time="12.109"/>
  <system-out/>
  <testcase classname="testCases.DataDriven" name="f" time="19.216"/>
  <system-out/>
</testsuite> <!-- testCases.DataDriven -->
